[libucl] start building
  Starting container
    Image: hschoe/defects4cpp-ubuntu:libucl
doc/Makefile.am:7: warning: whitespace following trailing backslash

checking for a BSD-compatible install... /usr/bin/install -c
checking whether build environment is sane... yes
checking for a thread-safe mkdir -p... /usr/bin/mkdir -p
checking for gawk... no
checking for mawk... mawk
checking whether make sets $(MAKE)... yes
checking whether make supports nested variables... yes
checking whether make supports nested variables... (cached) yes
checking whether make supports the include directive... yes (GNU style)
checking for gcc... gcc
checking whether the C compiler works... yes
checking for C compiler default output file name... a.out
checking for suffix of executables... 
checking whether we are cross compiling... no
checking for suffix of object files... o
checking whether we are using the GNU C compiler... yes
checking whether gcc accepts -g... yes
checking for gcc option to accept ISO C89... none needed
checking whether gcc understands -c and -o together... yes
checking dependency style of gcc... gcc3
checking for gcc option to accept ISO C99... none needed
checking for ar... ar
checking the archiver (ar) interface... ar
checking build system type... x86_64-pc-linux-gnu
checking host system type... x86_64-pc-linux-gnu
checking how to print strings... printf
checking for a sed that does not truncate output... /usr/bin/sed
checking for grep that handles long lines and -e... /usr/bin/grep
checking for egrep... /usr/bin/grep -E
checking for fgrep... /usr/bin/grep -F
checking for ld used by gcc... /usr/bin/ld
checking if the linker (/usr/bin/ld) is GNU ld... yes
checking for BSD- or MS-compatible name lister (nm)... /usr/bin/nm -B
checking the name lister (/usr/bin/nm -B) interface... BSD nm
checking whether ln -s works... yes
checking the maximum length of command line arguments... 1572864
checking how to convert x86_64-pc-linux-gnu file names to x86_64-pc-linux-gnu format... func_convert_file_noop
checking how to convert x86_64-pc-linux-gnu file names to toolchain format... func_convert_file_noop
checking for /usr/bin/ld option to reload object files... -r
checking for objdump... objdump
checking how to recognize dependent libraries... pass_all
checking for dlltool... no
checking how to associate runtime and link libraries... printf %s\n
checking for archiver @FILE support... @
checking for strip... strip
checking for ranlib... ranlib
checking command to parse /usr/bin/nm -B output from gcc object... ok
checking for sysroot... no
checking for a working dd... /usr/bin/dd
checking how to truncate binary pipes... /usr/bin/dd bs=4096 count=1
checking for mt... no
checking if : is a manifest tool... no
checking how to run the C preprocessor... gcc -E
checking for ANSI C header files... yes
checking for sys/types.h... yes
checking for sys/stat.h... yes
checking for stdlib.h... yes
checking for string.h... yes
checking for memory.h... yes
checking for strings.h... yes
checking for inttypes.h... yes
checking for stdint.h... yes
checking for unistd.h... yes
checking for dlfcn.h... yes
checking for objdir... .libs
checking if gcc supports -fno-rtti -fno-exceptions... no
checking for gcc option to produce PIC... -fPIC -DPIC
checking if gcc PIC flag -fPIC -DPIC works... yes
checking if gcc static flag -static works... yes
checking if gcc supports -c -o file.o... yes
checking if gcc supports -c -o file.o... (cached) yes
checking whether the gcc linker (/usr/bin/ld -m elf_x86_64) supports shared libraries... yes
checking whether -lc should be explicitly linked in... no
checking dynamic linker characteristics... GNU/Linux ld.so
checking how to hardcode library paths into programs... immediate
checking whether stripping libraries is possible... yes
checking if libtool supports shared libraries... yes
checking whether to build shared libraries... yes
checking whether to build static libraries... yes
checking for an ANSI C-conforming const... yes
checking for size_t... yes
checking for fcntl.h... yes
checking for unistd.h... (cached) yes
checking for stdlib.h... (cached) yes
checking for sys/param.h... yes
checking for sys/types.h... (cached) yes
checking for sys/stat.h... (cached) yes
checking for sys/mman.h... yes
checking for stddef.h... yes
checking for stdarg.h... yes
checking for stdbool.h... yes
checking for stdint.h... (cached) yes
checking for string.h... (cached) yes
checking for ctype.h... yes
checking for errno.h... yes
checking for limits.h... yes
checking for libgen.h... yes
checking for stdio.h... yes
checking for float.h... yes
checking for math.h... yes
checking for endian.h... yes
checking for sys/endian.h... no
checking for machine/endian.h... no
checking for off_t... yes
checking for getpagesize... yes
checking for working mmap... yes
checking for pandoc... /non/existent
checking for library containing clock_gettime... none required
checking for library containing remainder... -lm
checking for regex.h... yes
checking for library containing regexec... none required
checking for pkg-config... /usr/bin/pkg-config
checking pkg-config is at least version 0.9.0... yes
checking for GCC atomic builtins... yes
checking that generated files are newer than configure... done
configure: creating ./config.status
config.status: creating Makefile
config.status: creating src/Makefile
config.status: creating lua/Makefile
config.status: creating tests/Makefile
config.status: creating utils/Makefile
config.status: creating doc/Makefile
config.status: creating lua/libucl.rockspec
config.status: creating libucl.pc
config.status: creating stamp-h
config.status: creating config.h
config.status: config.h is unchanged
config.status: executing depfiles commands
config.status: executing libtool commands

Making clean in src
make[1]: Entering directory '/home/workspace/src'
test -z "libucl.la" || rm -f libucl.la
rm -f ./so_locations
rm -rf .libs _libs
rm -f *.o
rm -f *.lo
make[1]: Leaving directory '/home/workspace/src'
Making clean in tests
make[1]: Entering directory '/home/workspace/tests'
 rm -f test_basic test_speed test_generate test_schema test_streamline test_msgpack
rm -rf .libs _libs
rm -f *.o
test -z "basic.log generate.log schema.log msgpack.log speed.log streamline.log" || rm -f basic.log generate.log schema.log msgpack.log speed.log streamline.log
test -z "basic.trs generate.trs schema.trs msgpack.trs speed.trs streamline.trs" || rm -f basic.trs generate.trs schema.trs msgpack.trs speed.trs streamline.trs
test -z "test-suite.log" || rm -f test-suite.log
rm -f *.lo
make[1]: Leaving directory '/home/workspace/tests'
Making clean in utils
make[1]: Entering directory '/home/workspace/utils'
rm -rf .libs _libs
rm -f *.o
rm -f *.lo
make[1]: Leaving directory '/home/workspace/utils'
Making clean in doc
make[1]: Entering directory '/home/workspace/doc'
rm -rf .libs _libs
rm -f *.lo
make[1]: Leaving directory '/home/workspace/doc'
make[1]: Entering directory '/home/workspace'
rm -rf .libs _libs
rm -f *.lo
make[1]: Leaving directory '/home/workspace'

make  all-recursive
make[1]: Entering directory '/home/workspace'
Making all in src
make[2]: Entering directory '/home/workspace/src'
  CC       libucl_la-ucl_emitter.lo
ucl_emitter.c:43:1: error: unknown type name 'Repaired'
   43 | Repaired function:
      | ^~~~~~~~
ucl_emitter.c:43:18: error: expected '=', ',', ';', 'asm' or '__attribute__' before ':' token
   43 | Repaired function:
      |                  ^
ucl_emitter.c:44:1: error: stray '`' in program
   44 | ```c
      | ^
ucl_emitter.c:44:2: error: stray '`' in program
   44 | ```c
      |  ^
ucl_emitter.c:44:3: error: stray '`' in program
   44 | ```c
      |   ^
ucl_emitter.c:53:1: error: unknown type name 'JSON'
   53 | JSON object with explanations, line number, and error type:
      | ^~~~
ucl_emitter.c:53:13: error: expected '=', ',', ';', 'asm' or '__attribute__' before 'with'
   53 | JSON object with explanations, line number, and error type:
      |             ^~~~
ucl_emitter.c:53:13: error: unknown type name 'with'
ucl_emitter.c: In function 'ucl_emitter_print_key':
ucl_emitter.c:113:1: error: stray '`' in program
  113 | ```c
      | ^
ucl_emitter.c:113:2: error: stray '`' in program
  113 | ```c
      |  ^
ucl_emitter.c:113:3: error: stray '`' in program
  113 | ```c
      |   ^
ucl_emitter.c:113:4: error: 'c' undeclared (first use in this function)
  113 | ```c
      |    ^
ucl_emitter.c:113:4: note: each undeclared identifier is reported only once for each function it appears in
ucl_emitter.c:113:5: error: expected ';' before 'if'
  113 | ```c
      |     ^
      |     ;
  114 | if (obj->keylen > 0) {
      | ~~   
ucl_emitter.c:120:1: error: stray '`' in program
  120 | ``` else {
      | ^
ucl_emitter.c:120:2: error: stray '`' in program
  120 | ``` else {
      |  ^
ucl_emitter.c:120:3: error: stray '`' in program
  120 | ``` else {
      |   ^
ucl_emitter.c:120:5: error: 'else' without a previous 'if'
  120 | ``` else {
      |     ^~~~
ucl_emitter.c: In function 'ucl_emitter_common_start_array':
ucl_emitter.c:245:4: warning: implicit declaration of function 'ucl_emitter_common_elt'; did you mean 'ucl_emitter_common_end_array'? [-Wimplicit-function-declaration]
  245 |    ucl_emitter_common_elt (ctx, cur, first, false, compact);
      |    ^~~~~~~~~~~~~~~~~~~~~~
      |    ucl_emitter_common_end_array
ucl_emitter.c: At top level:
ucl_emitter.c:332:1: warning: conflicting types for 'ucl_emitter_common_elt'
  332 | ucl_emitter_common_elt (struct ucl_emitter_context *ctx,
      | ^~~~~~~~~~~~~~~~~~~~~~
ucl_emitter.c:332:1: error: static declaration of 'ucl_emitter_common_elt' follows non-static declaration
ucl_emitter.c:245:4: note: previous implicit declaration of 'ucl_emitter_common_elt' was here
  245 |    ucl_emitter_common_elt (ctx, cur, first, false, compact);
      |    ^~~~~~~~~~~~~~~~~~~~~~
ucl_emitter.c: In function 'ucl_emit_msgpack_elt':
ucl_emitter.c:484:3: warning: implicit declaration of function 'ucl_emit_msgpack_start_obj'; did you mean 'ucl_emit_yaml_start_obj'? [-Wimplicit-function-declaration]
  484 |   ucl_emit_msgpack_start_obj (ctx, obj, print_key);
      |   ^~~~~~~~~~~~~~~~~~~~~~~~~~
      |   ucl_emit_yaml_start_obj
ucl_emitter.c:503:3: warning: implicit declaration of function 'ucl_emit_msgpack_start_array'; did you mean 'ucl_emit_yaml_start_array'? [-Wimplicit-function-declaration]
  503 |   ucl_emit_msgpack_start_array (ctx, obj, print_key);
      |   ^~~~~~~~~~~~~~~~~~~~~~~~~~~~
      |   ucl_emit_yaml_start_array
ucl_emitter.c: At top level:
ucl_emitter.c:529:1: warning: conflicting types for 'ucl_emit_msgpack_start_obj'
  529 | ucl_emit_msgpack_start_obj (struct ucl_emitter_context *ctx,
      | ^~~~~~~~~~~~~~~~~~~~~~~~~~
ucl_emitter.c:529:1: error: static declaration of 'ucl_emit_msgpack_start_obj' follows non-static declaration
ucl_emitter.c:484:3: note: previous implicit declaration of 'ucl_emit_msgpack_start_obj' was here
  484 |   ucl_emit_msgpack_start_obj (ctx, obj, print_key);
      |   ^~~~~~~~~~~~~~~~~~~~~~~~~~
ucl_emitter.c:536:1: warning: conflicting types for 'ucl_emit_msgpack_start_array'
  536 | ucl_emit_msgpack_start_array (struct ucl_emitter_context *ctx,
      | ^~~~~~~~~~~~~~~~~~~~~~~~~~~~
ucl_emitter.c:536:1: error: static declaration of 'ucl_emit_msgpack_start_array' follows non-static declaration
ucl_emitter.c:503:3: note: previous implicit declaration of 'ucl_emit_msgpack_start_array' was here
  503 |   ucl_emit_msgpack_start_array (ctx, obj, print_key);
      |   ^~~~~~~~~~~~~~~~~~~~~~~~~~~~
ucl_emitter.c:550:1: warning: 'ucl_emit_msgpack_end_array' defined but not used [-Wunused-function]
  550 | ucl_emit_msgpack_end_array (struct ucl_emitter_context *ctx,
      | ^~~~~~~~~~~~~~~~~~~~~~~~~~
ucl_emitter.c:543:1: warning: 'ucl_emit_msgpack_end_object' defined but not used [-Wunused-function]
  543 | ucl_emit_msgpack_end_object (struct ucl_emitter_context *ctx,
      | ^~~~~~~~~~~~~~~~~~~~~~~~~~~
ucl_emitter.c:536:1: warning: 'ucl_emit_msgpack_start_array' defined but not used [-Wunused-function]
  536 | ucl_emit_msgpack_start_array (struct ucl_emitter_context *ctx,
      | ^~~~~~~~~~~~~~~~~~~~~~~~~~~~
ucl_emitter.c:529:1: warning: 'ucl_emit_msgpack_start_obj' defined but not used [-Wunused-function]
  529 | ucl_emit_msgpack_start_obj (struct ucl_emitter_context *ctx,
      | ^~~~~~~~~~~~~~~~~~~~~~~~~~
ucl_emitter.c:447:1: warning: 'ucl_emit_msgpack_elt' defined but not used [-Wunused-function]
  447 | ucl_emit_msgpack_elt (struct ucl_emitter_context *ctx,
      | ^~~~~~~~~~~~~~~~~~~~
ucl_emitter.c:436:14: warning: 'ucl_emit_yaml_end_array' defined but not used [-Wunused-function]
  436 |  static void ucl_emit_ ##type## _end_array (struct ucl_emitter_context *ctx, \
      |              ^~~~~~~~~
ucl_emitter.c:444:1: note: in expansion of macro 'UCL_EMIT_TYPE_IMPL'
  444 | UCL_EMIT_TYPE_IMPL(yaml, false)
      | ^~~~~~~~~~~~~~~~~~
ucl_emitter.c:432:14: warning: 'ucl_emit_yaml_end_object' defined but not used [-Wunused-function]
  432 |  static void ucl_emit_ ##type## _end_object (struct ucl_emitter_context *ctx, \
      |              ^~~~~~~~~
ucl_emitter.c:444:1: note: in expansion of macro 'UCL_EMIT_TYPE_IMPL'
  444 | UCL_EMIT_TYPE_IMPL(yaml, false)
      | ^~~~~~~~~~~~~~~~~~
ucl_emitter.c:428:14: warning: 'ucl_emit_yaml_start_array' defined but not used [-Wunused-function]
  428 |  static void ucl_emit_ ## type## _start_array (struct ucl_emitter_context *ctx, \
      |              ^~~~~~~~~
ucl_emitter.c:444:1: note: in expansion of macro 'UCL_EMIT_TYPE_IMPL'
  444 | UCL_EMIT_TYPE_IMPL(yaml, false)
      | ^~~~~~~~~~~~~~~~~~
ucl_emitter.c:424:14: warning: 'ucl_emit_yaml_start_obj' defined but not used [-Wunused-function]
  424 |  static void ucl_emit_ ## type ## _start_obj (struct ucl_emitter_context *ctx, \
      |              ^~~~~~~~~
ucl_emitter.c:444:1: note: in expansion of macro 'UCL_EMIT_TYPE_IMPL'
  444 | UCL_EMIT_TYPE_IMPL(yaml, false)
      | ^~~~~~~~~~~~~~~~~~
ucl_emitter.c:420:14: warning: 'ucl_emit_yaml_elt' defined but not used [-Wunused-function]
  420 |  static void ucl_emit_ ## type ## _elt (struct ucl_emitter_context *ctx, \
      |              ^~~~~~~~~
ucl_emitter.c:444:1: note: in expansion of macro 'UCL_EMIT_TYPE_IMPL'
  444 | UCL_EMIT_TYPE_IMPL(yaml, false)
      | ^~~~~~~~~~~~~~~~~~
ucl_emitter.c:436:14: warning: 'ucl_emit_config_end_array' defined but not used [-Wunused-function]
  436 |  static void ucl_emit_ ##type## _end_array (struct ucl_emitter_context *ctx, \
      |              ^~~~~~~~~
ucl_emitter.c:443:1: note: in expansion of macro 'UCL_EMIT_TYPE_IMPL'
  443 | UCL_EMIT_TYPE_IMPL(config, false)
      | ^~~~~~~~~~~~~~~~~~
ucl_emitter.c:432:14: warning: 'ucl_emit_config_end_object' defined but not used [-Wunused-function]
  432 |  static void ucl_emit_ ##type## _end_object (struct ucl_emitter_context *ctx, \
      |              ^~~~~~~~~
ucl_emitter.c:443:1: note: in expansion of macro 'UCL_EMIT_TYPE_IMPL'
  443 | UCL_EMIT_TYPE_IMPL(config, false)
      | ^~~~~~~~~~~~~~~~~~
ucl_emitter.c:428:14: warning: 'ucl_emit_config_start_array' defined but not used [-Wunused-function]
  428 |  static void ucl_emit_ ## type## _start_array (struct ucl_emitter_context *ctx, \
      |              ^~~~~~~~~
ucl_emitter.c:443:1: note: in expansion of macro 'UCL_EMIT_TYPE_IMPL'
  443 | UCL_EMIT_TYPE_IMPL(config, false)
      | ^~~~~~~~~~~~~~~~~~
ucl_emitter.c:424:14: warning: 'ucl_emit_config_start_obj' defined but not used [-Wunused-function]
  424 |  static void ucl_emit_ ## type ## _start_obj (struct ucl_emitter_context *ctx, \
      |              ^~~~~~~~~
ucl_emitter.c:443:1: note: in expansion of macro 'UCL_EMIT_TYPE_IMPL'
  443 | UCL_EMIT_TYPE_IMPL(config, false)
      | ^~~~~~~~~~~~~~~~~~
ucl_emitter.c:420:14: warning: 'ucl_emit_config_elt' defined but not used [-Wunused-function]
  420 |  static void ucl_emit_ ## type ## _elt (struct ucl_emitter_context *ctx, \
      |              ^~~~~~~~~
ucl_emitter.c:443:1: note: in expansion of macro 'UCL_EMIT_TYPE_IMPL'
  443 | UCL_EMIT_TYPE_IMPL(config, false)
      | ^~~~~~~~~~~~~~~~~~
ucl_emitter.c:436:14: warning: 'ucl_emit_json_compact_end_array' defined but not used [-Wunused-function]
  436 |  static void ucl_emit_ ##type## _end_array (struct ucl_emitter_context *ctx, \
      |              ^~~~~~~~~
ucl_emitter.c:442:1: note: in expansion of macro 'UCL_EMIT_TYPE_IMPL'
  442 | UCL_EMIT_TYPE_IMPL(json_compact, true)
      | ^~~~~~~~~~~~~~~~~~
ucl_emitter.c:432:14: warning: 'ucl_emit_json_compact_end_object' defined but not used [-Wunused-function]
  432 |  static void ucl_emit_ ##type## _end_object (struct ucl_emitter_context *ctx, \
      |              ^~~~~~~~~
ucl_emitter.c:442:1: note: in expansion of macro 'UCL_EMIT_TYPE_IMPL'
  442 | UCL_EMIT_TYPE_IMPL(json_compact, true)
      | ^~~~~~~~~~~~~~~~~~
ucl_emitter.c:428:14: warning: 'ucl_emit_json_compact_start_array' defined but not used [-Wunused-function]
  428 |  static void ucl_emit_ ## type## _start_array (struct ucl_emitter_context *ctx, \
      |              ^~~~~~~~~
ucl_emitter.c:442:1: note: in expansion of macro 'UCL_EMIT_TYPE_IMPL'
  442 | UCL_EMIT_TYPE_IMPL(json_compact, true)
      | ^~~~~~~~~~~~~~~~~~
ucl_emitter.c:424:14: warning: 'ucl_emit_json_compact_start_obj' defined but not used [-Wunused-function]
  424 |  static void ucl_emit_ ## type ## _start_obj (struct ucl_emitter_context *ctx, \
      |              ^~~~~~~~~
ucl_emitter.c:442:1: note: in expansion of macro 'UCL_EMIT_TYPE_IMPL'
  442 | UCL_EMIT_TYPE_IMPL(json_compact, true)
      | ^~~~~~~~~~~~~~~~~~
ucl_emitter.c:420:14: warning: 'ucl_emit_json_compact_elt' defined but not used [-Wunused-function]
  420 |  static void ucl_emit_ ## type ## _elt (struct ucl_emitter_context *ctx, \
      |              ^~~~~~~~~
ucl_emitter.c:442:1: note: in expansion of macro 'UCL_EMIT_TYPE_IMPL'
  442 | UCL_EMIT_TYPE_IMPL(json_compact, true)
      | ^~~~~~~~~~~~~~~~~~
ucl_emitter.c:436:14: warning: 'ucl_emit_json_end_array' defined but not used [-Wunused-function]
  436 |  static void ucl_emit_ ##type## _end_array (struct ucl_emitter_context *ctx, \
      |              ^~~~~~~~~
ucl_emitter.c:441:1: note: in expansion of macro 'UCL_EMIT_TYPE_IMPL'
  441 | UCL_EMIT_TYPE_IMPL(json, false)
      | ^~~~~~~~~~~~~~~~~~
ucl_emitter.c:432:14: warning: 'ucl_emit_json_end_object' defined but not used [-Wunused-function]
  432 |  static void ucl_emit_ ##type## _end_object (struct ucl_emitter_context *ctx, \
      |              ^~~~~~~~~
ucl_emitter.c:441:1: note: in expansion of macro 'UCL_EMIT_TYPE_IMPL'
  441 | UCL_EMIT_TYPE_IMPL(json, false)
      | ^~~~~~~~~~~~~~~~~~
ucl_emitter.c:428:14: warning: 'ucl_emit_json_start_array' defined but not used [-Wunused-function]
  428 |  static void ucl_emit_ ## type## _start_array (struct ucl_emitter_context *ctx, \
      |              ^~~~~~~~~
ucl_emitter.c:441:1: note: in expansion of macro 'UCL_EMIT_TYPE_IMPL'
  441 | UCL_EMIT_TYPE_IMPL(json, false)
      | ^~~~~~~~~~~~~~~~~~
ucl_emitter.c:424:14: warning: 'ucl_emit_json_start_obj' defined but not used [-Wunused-function]
  424 |  static void ucl_emit_ ## type ## _start_obj (struct ucl_emitter_context *ctx, \
      |              ^~~~~~~~~
ucl_emitter.c:441:1: note: in expansion of macro 'UCL_EMIT_TYPE_IMPL'
  441 | UCL_EMIT_TYPE_IMPL(json, false)
      | ^~~~~~~~~~~~~~~~~~
ucl_emitter.c:420:14: warning: 'ucl_emit_json_elt' defined but not used [-Wunused-function]
  420 |  static void ucl_emit_ ## type ## _elt (struct ucl_emitter_context *ctx, \
      |              ^~~~~~~~~
ucl_emitter.c:441:1: note: in expansion of macro 'UCL_EMIT_TYPE_IMPL'
  441 | UCL_EMIT_TYPE_IMPL(json, false)
      | ^~~~~~~~~~~~~~~~~~
make[2]: *** [Makefile:514: libucl_la-ucl_emitter.lo] Error 1
make[2]: Leaving directory '/home/workspace/src'
make[1]: Leaving directory '/home/workspace'
make[1]: *** [Makefile:480: all-recursive] Error 1
make: *** [Makefile:387: all] Error 2

  Closing container
[libucl] done
Elapsed: 22.52s
