test_result: 
openssl-24: 
build_result: True
test_cases_result:  
pass_rate: 0.0
pass_test_cases: []
fail_test_cases: ['openssl-buggy-24-111']
fail_test_cases_info: {'openssl-buggy-24-111': {'failing_info': 'make depend && make _tests\nmake[1]: Entering directory \'/home/workspace\'\nmake[1]: Leaving directory \'/home/workspace\'\nmake[1]: Entering directory \'/home/workspace\'\n( SRCTOP=. \\\n  BLDTOP=. \\\n  PERL="/usr/bin/perl" \\\n  FIPSKEY="f4556650ac31d35461610bac4ed81b1a181b2d8a43ea2854cbae22ca74560813" \\\n  EXE_EXT= \\\n  /usr/bin/perl ./test/run_tests.pl test_evp_extra )\n\n    # ERROR: (ptr) \'pkey_dec = d2i_PKCS8PrivateKey_bio(enc_bio, NULL, NULL, (void *)pwd) != NULL\' failed @ test/evp_extra_test2.c:315\n    # 0x0\n    # 808B14F8E77F0000:error:068000A8:asn1 encoding routines:asn1_check_tlen:wrong tag:crypto/asn1/tasn_dec.c:1156:\n    # 808B14F8E77F0000:error:0688010A:asn1 encoding routines:asn1_item_embed_d2i:nested asn1 error:crypto/asn1/tasn_dec.c:322:Type=X509_ALGOR\n    # 808B14F8E77F0000:error:0688010A:asn1 encoding routines:asn1_template_noexp_d2i:nested asn1 error:crypto/asn1/tasn_dec.c:653:Field=algor, Type=X509_SIG\n    # OPENSSL_TEST_RAND_ORDER=1710228668\n    not ok 8 - test_pkcs8key_nid_bio\n# ------------------------------------------------------------------------------\n../../util/wrap.pl ../../test/evp_extra_test2 => 1\nnot ok 3 - running evp_extra_test2\n# ------------------------------------------------------------------------------\n#   Failed test \'running evp_extra_test2\'\n#   at test/recipes/30-test_evp_extra.t line 24.\n# Looks like you failed 1 test of 3.30-test_evp_extra.t .. \nDubious, test returned 1 (wstat 256, 0x100)\nFailed 1/3 subtests \n\nTest Summary Report\n-------------------\n30-test_evp_extra.t (Wstat: 256 Tests: 3 Failed: 1)\n  Failed test:  3\n  Non-zero exit status: 1\nFiles=1, Tests=3,  1 wallclock secs ( 0.02 usr  0.00 sys +  1.32 cusr  0.03 csys =  1.37 CPU)\nResult: FAIL\nMakefile:3210: recipe for target \'_tests\' failed\nmake[1]: *** [_tests] Error 1\nmake[1]: Leaving directory \'/home/workspace\'\nMakefile:3208: recipe for target \'tests\' failed\nmake: *** [tests] Error 2\n', 'tc_code': '#! /usr/bin/env perl\n# Copyright 2015-2021 The OpenSSL Project Authors. All Rights Reserved.\n#\n# Licensed under the Apache License 2.0 (the "License").  You may not use\n# this file except in compliance with the License.  You can obtain a copy\n# in the file LICENSE in the source distribution or at\n# https://www.openssl.org/source/license.html\n\n\nuse strict;\nuse warnings;\n\nuse OpenSSL::Test qw/:DEFAULT bldtop_dir/;\n\nsetup("test_evp_extra");\n\nplan tests => 3;\n\nok(run(test(["evp_extra_test"])), "running evp_extra_test");\n\n# Run tests with a non-default library context\nok(run(test(["evp_extra_test", "-context"])), "running evp_extra_test with a non-default library context");\n\nok(run(test(["evp_extra_test2"])), "running evp_extra_test2");\n'}}
